  uic TaskManage.ui
  AuthenticationPresenter.cpp
  AuthenticationView.cpp
  MainController.cpp
  main.cpp
C:\Users\Dima\source\repos\TaskManage\TaskManage\main.cpp(1,1): warning C4828: Файл содержит знак, начинающийся со смещения 0xc9, который является недопустимым в текущей исходной кодировке (кодовая страница 65001).
C:\Users\Dima\source\repos\TaskManage\TaskManage\main.cpp(1,1): warning C4828: Файл содержит знак, начинающийся со смещения 0xcb, который является недопустимым в текущей исходной кодировке (кодовая страница 65001).
C:\Users\Dima\source\repos\TaskManage\TaskManage\main.cpp(1,1): warning C4828: Файл содержит знак, начинающийся со смещения 0xce, который является недопустимым в текущей исходной кодировке (кодовая страница 65001).
C:\Users\Dima\source\repos\TaskManage\TaskManage\main.cpp(1,1): warning C4828: Файл содержит знак, начинающийся со смещения 0xd2, который является недопустимым в текущей исходной кодировке (кодовая страница 65001).
C:\Users\Dima\source\repos\TaskManage\TaskManage\main.cpp(1,1): warning C4828: Файл содержит знак, начинающийся со смещения 0xd3, который является недопустимым в текущей исходной кодировке (кодовая страница 65001).
C:\Users\Dima\source\repos\TaskManage\TaskManage\main.cpp(1,1): warning C4828: Файл содержит знак, начинающийся со смещения 0xd6, который является недопустимым в текущей исходной кодировке (кодовая страница 65001).
C:\Users\Dima\source\repos\TaskManage\TaskManage\main.cpp(1,1): warning C4828: Файл содержит знак, начинающийся со смещения 0xd9, который является недопустимым в текущей исходной кодировке (кодовая страница 65001).
C:\Users\Dima\source\repos\TaskManage\TaskManage\main.cpp(1,1): warning C4828: Файл содержит знак, начинающийся со смещения 0xda, который является недопустимым в текущей исходной кодировке (кодовая страница 65001).
C:\Users\Dima\source\repos\TaskManage\TaskManage\main.cpp(1,1): warning C4828: Файл содержит знак, начинающийся со смещения 0x119, который является недопустимым в текущей исходной кодировке (кодовая страница 65001).
C:\Users\Dima\source\repos\TaskManage\TaskManage\main.cpp(1,1): warning C4828: Файл содержит знак, начинающийся со смещения 0x11b, который является недопустимым в текущей исходной кодировке (кодовая страница 65001).
C:\Users\Dima\source\repos\TaskManage\TaskManage\main.cpp(1,1): warning C4828: Файл содержит знак, начинающийся со смещения 0x11e, который является недопустимым в текущей исходной кодировке (кодовая страница 65001).
C:\Users\Dima\source\repos\TaskManage\TaskManage\main.cpp(1,1): warning C4828: Файл содержит знак, начинающийся со смещения 0x123, который является недопустимым в текущей исходной кодировке (кодовая страница 65001).
C:\Users\Dima\source\repos\TaskManage\TaskManage\main.cpp(1,1): warning C4828: Файл содержит знак, начинающийся со смещения 0x126, который является недопустимым в текущей исходной кодировке (кодовая страница 65001).
C:\Users\Dima\source\repos\TaskManage\TaskManage\main.cpp(1,1): warning C4828: Файл содержит знак, начинающийся со смещения 0x129, который является недопустимым в текущей исходной кодировке (кодовая страница 65001).
C:\Users\Dima\source\repos\TaskManage\TaskManage\main.cpp(1,1): warning C4828: Файл содержит знак, начинающийся со смещения 0x12c, который является недопустимым в текущей исходной кодировке (кодовая страница 65001).
  moc_AuthenticationPresenter.cpp
  moc_AuthenticationView.cpp
  moc_MainController.cpp
  TaskManage.vcxproj -> C:\Users\Dima\source\repos\TaskManage\x64\Release\TaskManage.exe
