  moc TaskManage.h
  moc AuthenticationPresenter.h
  AuthenticationModel.cpp
  AuthenticationPresenter.cpp
  TaskManage.cpp
  main.cpp
C:\Users\Dima\source\repos\TaskManage\TaskManage\AuthenticationPresenter.cpp(1,1): warning C4828: Файл содержит знак, начинающийся со смещения 0x153, который является недопустимым в текущей исходной кодировке (кодовая страница 65001).
C:\Users\Dima\source\repos\TaskManage\TaskManage\AuthenticationPresenter.cpp(1,1): warning C4828: Файл содержит знак, начинающийся со смещения 0x155, который является недопустимым в текущей исходной кодировке (кодовая страница 65001).
C:\Users\Dima\source\repos\TaskManage\TaskManage\AuthenticationPresenter.cpp(1,1): warning C4828: Файл содержит знак, начинающийся со смещения 0x159, который является недопустимым в текущей исходной кодировке (кодовая страница 65001).
C:\Users\Dima\source\repos\TaskManage\TaskManage\AuthenticationPresenter.cpp(1,1): warning C4828: Файл содержит знак, начинающийся со смещения 0x15d, который является недопустимым в текущей исходной кодировке (кодовая страница 65001).
C:\Users\Dima\source\repos\TaskManage\TaskManage\AuthenticationPresenter.cpp(1,1): warning C4828: Файл содержит знак, начинающийся со смещения 0x161, который является недопустимым в текущей исходной кодировке (кодовая страница 65001).
C:\Users\Dima\source\repos\TaskManage\TaskManage\AuthenticationPresenter.cpp(1,1): warning C4828: Файл содержит знак, начинающийся со смещения 0x164, который является недопустимым в текущей исходной кодировке (кодовая страница 65001).
C:\Users\Dima\source\repos\TaskManage\TaskManage\AuthenticationPresenter.cpp(1,1): warning C4828: Файл содержит знак, начинающийся со смещения 0x168, который является недопустимым в текущей исходной кодировке (кодовая страница 65001).
C:\Users\Dima\source\repos\TaskManage\TaskManage\AuthenticationPresenter.cpp(1,1): warning C4828: Файл содержит знак, начинающийся со смещения 0x16b, который является недопустимым в текущей исходной кодировке (кодовая страница 65001).
C:\Users\Dima\source\repos\TaskManage\TaskManage\AuthenticationPresenter.cpp(1,1): warning C4828: Файл содержит знак, начинающийся со смещения 0x16e, который является недопустимым в текущей исходной кодировке (кодовая страница 65001).
C:\Users\Dima\source\repos\TaskManage\TaskManage\AuthenticationPresenter.cpp(1,1): warning C4828: Файл содержит знак, начинающийся со смещения 0x171, который является недопустимым в текущей исходной кодировке (кодовая страница 65001).
C:\Users\Dima\source\repos\TaskManage\TaskManage\AuthenticationPresenter.cpp(1,1): warning C4828: Файл содержит знак, начинающийся со смещения 0x174, который является недопустимым в текущей исходной кодировке (кодовая страница 65001).
C:\Users\Dima\source\repos\TaskManage\TaskManage\AuthenticationPresenter.cpp(1,1): warning C4828: Файл содержит знак, начинающийся со смещения 0x178, который является недопустимым в текущей исходной кодировке (кодовая страница 65001).
C:\Users\Dima\source\repos\TaskManage\TaskManage\AuthenticationPresenter.cpp(1,1): warning C4828: Файл содержит знак, начинающийся со смещения 0x17b, который является недопустимым в текущей исходной кодировке (кодовая страница 65001).
C:\Users\Dima\source\repos\TaskManage\TaskManage\AuthenticationPresenter.cpp(1,1): warning C4828: Файл содержит знак, начинающийся со смещения 0x17f, который является недопустимым в текущей исходной кодировке (кодовая страница 65001).
C:\Users\Dima\source\repos\TaskManage\TaskManage\AuthenticationPresenter.cpp(1,1): warning C4828: Файл содержит знак, начинающийся со смещения 0x183, который является недопустимым в текущей исходной кодировке (кодовая страница 65001).
C:\Users\Dima\source\repos\TaskManage\TaskManage\AuthenticationPresenter.cpp(1,1): warning C4828: Файл содержит знак, начинающийся со смещения 0x186, который является недопустимым в текущей исходной кодировке (кодовая страница 65001).
C:\Users\Dima\source\repos\TaskManage\TaskManage\AuthenticationPresenter.cpp(1,1): warning C4828: Файл содержит знак, начинающийся со смещения 0x189, который является недопустимым в текущей исходной кодировке (кодовая страница 65001).
C:\Users\Dima\source\repos\TaskManage\TaskManage\AuthenticationPresenter.cpp(1,1): warning C4828: Файл содержит знак, начинающийся со смещения 0x1e8, который является недопустимым в текущей исходной кодировке (кодовая страница 65001).
C:\Users\Dima\source\repos\TaskManage\TaskManage\AuthenticationPresenter.cpp(1,1): warning C4828: Файл содержит знак, начинающийся со смещения 0x1ea, который является недопустимым в текущей исходной кодировке (кодовая страница 65001).
C:\Users\Dima\source\repos\TaskManage\TaskManage\AuthenticationPresenter.cpp(1,1): warning C4828: Файл содержит знак, начинающийся со смещения 0x1ee, который является недопустимым в текущей исходной кодировке (кодовая страница 65001).
C:\Users\Dima\source\repos\TaskManage\TaskManage\AuthenticationPresenter.cpp(1,1): warning C4828: Файл содержит знак, начинающийся со смещения 0x1f2, который является недопустимым в текущей исходной кодировке (кодовая страница 65001).
C:\Users\Dima\source\repos\TaskManage\TaskManage\AuthenticationPresenter.cpp(1,1): warning C4828: Файл содержит знак, начинающийся со смещения 0x1f5, который является недопустимым в текущей исходной кодировке (кодовая страница 65001).
C:\Users\Dima\source\repos\TaskManage\TaskManage\AuthenticationPresenter.cpp(1,1): warning C4828: Файл содержит знак, начинающийся со смещения 0x1f6, который является недопустимым в текущей исходной кодировке (кодовая страница 65001).
C:\Users\Dima\source\repos\TaskManage\TaskManage\AuthenticationPresenter.cpp(1,1): warning C4828: Файл содержит знак, начинающийся со смещения 0x1fa, который является недопустимым в текущей исходной кодировке (кодовая страница 65001).
C:\Users\Dima\source\repos\TaskManage\TaskManage\AuthenticationPresenter.cpp(1,1): warning C4828: Файл содержит знак, начинающийся со смещения 0x1fd, который является недопустимым в текущей исходной кодировке (кодовая страница 65001).
C:\Users\Dima\source\repos\TaskManage\TaskManage\AuthenticationPresenter.cpp(1,1): warning C4828: Файл содержит знак, начинающийся со смещения 0x200, который является недопустимым в текущей исходной кодировке (кодовая страница 65001).
C:\Users\Dima\source\repos\TaskManage\TaskManage\AuthenticationPresenter.cpp(1,1): warning C4828: Файл содержит знак, начинающийся со смещения 0x203, который является недопустимым в текущей исходной кодировке (кодовая страница 65001).
C:\Users\Dima\source\repos\TaskManage\TaskManage\AuthenticationPresenter.cpp(1,1): warning C4828: Файл содержит знак, начинающийся со смещения 0x206, который является недопустимым в текущей исходной кодировке (кодовая страница 65001).
C:\Users\Dima\source\repos\TaskManage\TaskManage\AuthenticationPresenter.cpp(1,1): warning C4828: Файл содержит знак, начинающийся со смещения 0x20a, который является недопустимым в текущей исходной кодировке (кодовая страница 65001).
C:\Users\Dima\source\repos\TaskManage\TaskManage\AuthenticationPresenter.cpp(1,1): warning C4828: Файл содержит знак, начинающийся со смещения 0x20d, который является недопустимым в текущей исходной кодировке (кодовая страница 65001).
C:\Users\Dima\source\repos\TaskManage\TaskManage\AuthenticationPresenter.cpp(1,1): warning C4828: Файл содержит знак, начинающийся со смещения 0x211, который является недопустимым в текущей исходной кодировке (кодовая страница 65001).
C:\Users\Dima\source\repos\TaskManage\TaskManage\AuthenticationPresenter.cpp(1,1): warning C4828: Файл содержит знак, начинающийся со смещения 0x215, который является недопустимым в текущей исходной кодировке (кодовая страница 65001).
C:\Users\Dima\source\repos\TaskManage\TaskManage\AuthenticationPresenter.cpp(1,1): warning C4828: Файл содержит знак, начинающийся со смещения 0x218, который является недопустимым в текущей исходной кодировке (кодовая страница 65001).
C:\Users\Dima\source\repos\TaskManage\TaskManage\AuthenticationPresenter.cpp(1,1): warning C4828: Файл содержит знак, начинающийся со смещения 0x21c, который является недопустимым в текущей исходной кодировке (кодовая страница 65001).
C:\Users\Dima\source\repos\TaskManage\TaskManage\AuthenticationPresenter.cpp(1,1): warning C4828: Файл содержит знак, начинающийся со смещения 0x220, который является недопустимым в текущей исходной кодировке (кодовая страница 65001).
C:\Users\Dima\source\repos\TaskManage\TaskManage\AuthenticationPresenter.cpp(1,1): warning C4828: Файл содержит знак, начинающийся со смещения 0x224, который является недопустимым в текущей исходной кодировке (кодовая страница 65001).
C:\Users\Dima\source\repos\TaskManage\TaskManage\AuthenticationPresenter.cpp(1,1): warning C4828: Файл содержит знак, начинающийся со смещения 0x227, который является недопустимым в текущей исходной кодировке (кодовая страница 65001).
C:\Users\Dima\source\repos\TaskManage\TaskManage\AuthenticationPresenter.cpp(1,1): warning C4828: Файл содержит знак, начинающийся со смещения 0x22a, который является недопустимым в текущей исходной кодировке (кодовая страница 65001).
C:\Users\Dima\source\repos\TaskManage\TaskManage\AuthenticationPresenter.cpp(1,1): warning C4828: Файл содержит знак, начинающийся со смещения 0x22d, который является недопустимым в текущей исходной кодировке (кодовая страница 65001).
C:\Users\Dima\source\repos\TaskManage\TaskManage\AuthenticationPresenter.cpp(1,1): warning C4828: Файл содержит знак, начинающийся со смещения 0x230, который является недопустимым в текущей исходной кодировке (кодовая страница 65001).
C:\Users\Dima\source\repos\TaskManage\TaskManage\authenticationmodel.h(5,10): fatal  error C1083: Не удается открыть файл включение: QNetworkAccessManager: No such file or directory, (компилируется исходный файл AuthenticationModel.cpp)
C:\Users\Dima\source\repos\TaskManage\TaskManage\authenticationmodel.h(5,10): fatal  error C1083: Не удается открыть файл включение: QNetworkAccessManager: No such file or directory, (компилируется исходный файл AuthenticationPresenter.cpp)
